{"/home/dron/react/Ulbi/production_project/src/shared/lib/classNames/classNames.ts": {"path":"/home/dron/react/Ulbi/production_project/src/shared/lib/classNames/classNames.ts","statementMap":{"0":{"start":{"line":7,"column":2},"end":{"line":13,"column":14}},"1":{"start":{"line":11,"column":38},"end":{"line":11,"column":52}},"2":{"start":{"line":12,"column":28},"end":{"line":12,"column":37}}},"fnMap":{"0":{"name":"classNames","decl":{"start":{"line":2,"column":16},"end":{"line":2,"column":26}},"loc":{"start":{"line":6,"column":10},"end":{"line":14,"column":1}},"line":6},"1":{"name":"(anonymous_1)","decl":{"start":{"line":11,"column":14},"end":{"line":11,"column":15}},"loc":{"start":{"line":11,"column":38},"end":{"line":11,"column":52}},"line":11},"2":{"name":"(anonymous_2)","decl":{"start":{"line":12,"column":11},"end":{"line":12,"column":12}},"loc":{"start":{"line":12,"column":28},"end":{"line":12,"column":37}},"line":12}},"branchMap":{"0":{"loc":{"start":{"line":4,"column":2},"end":{"line":4,"column":17}},"type":"default-arg","locations":[{"start":{"line":4,"column":15},"end":{"line":4,"column":17}}],"line":4},"1":{"loc":{"start":{"line":5,"column":2},"end":{"line":5,"column":27}},"type":"default-arg","locations":[{"start":{"line":5,"column":25},"end":{"line":5,"column":27}}],"line":5}},"s":{"0":5,"1":6,"2":4},"f":{"0":5,"1":6,"2":4},"b":{"0":[1],"1":[1]},"_coverageSchema":"1a1c01bbd47fc00a2c39e90264f33305004495a9","hash":"e760ce083bdee34b0fe4cca9b33613cd2b805a3d"}
}
